13:52:56.934 > ets Jul 29 2019 12:21:46
13:52:56.934 > 
13:52:56.934 > rst:0x1 (POWERON_RESET),boot:0x12 (SPI_FAST_FLASH_BOOT)
13:52:56.934 > configsip: 0, SPIWP:0xee
13:52:56.944 > clk_drv:0x00,q_drv:0x00,d_drv:0x00,cs0_drv:0x00,hd_drv:0x00,wp_drv:0x00
13:52:56.948 > mode:DIO, clock div:2
13:52:56.952 > load:0x3fff0030,len:1184
13:52:57.050 > load:0x40078000,len:13232
13:52:57.514 > load:0x40080400,len:3028
13:52:57.514 >   #0  0x40080400 in _init at ??:?
13:52:57.514 > 
13:52:57.514 > entry 0x400805e4
13:52:57.914 > 
13:52:57.914 > [SYSTEM] Ready for Scan!
13:52:57.914 > [MEM] Free Heap: 187716 bytes
13:54:50.198 > [AI] --- START INFERENCE ---
13:54:50.245 > [AI] Frame captured (8387 bytes). Running model...
13:54:50.252 > [AI] Snapshot buffer allocated: 230400 bytes (PSRAM used)\n[AI] Resizing from 320x240 to 64x64\n[AI] Running classifier...
13:54:50.754 > [AI] No bounding boxes detected
13:54:50.756 > >>> RESULT: No detection
13:54:57.386 > [AI] --- START INFERENCE ---
13:54:57.435 > [AI] Frame captured (8677 bytes). Running model...
13:54:57.532 > [AI] Resizing from 320x240 to 64x64\n[AI] Running classifier...
13:54:57.942 > [AI] No bounding boxes detected
13:54:57.947 > >>> RESULT: No detection
