15:14:37.517 > ets Jul 29 2019 12:21:46
15:14:37.517 > 
15:14:37.517 > rst:0x1 (POWERON_RESET),boot:0x13 (SPI_FAST_FLASH_BOOT)
15:14:37.522 > configsip: 0, SPIWP:0xee
15:14:37.524 > clk_drv:0x00,q_drv:0x00,d_drv:0x00,cs0_drv:0x00,hd_drv:0x00,wp_drv:0x00
15:14:37.527 > mode:DIO, clock div:2
15:14:37.533 > load:0x3fff0030,len:1184
15:14:37.590 > load:0x40078000,len:13232
15:14:37.911 > load:0x40080400,len:3028
15:14:37.911 >   #0  0x40080400 in _init at ??:?
15:14:37.911 > 
15:14:37.911 > entry 0x400805e4
15:14:38.495 > 
15:14:38.495 > [SYSTEM] Ready for Scan!
15:14:38.495 > [MEM] Free Heap: 187716 bytes
15:15:28.097 > [AI] --- START INFERENCE ---
15:15:28.146 > [AI] Frame captured (8139 bytes). Running model...
15:15:28.149 > [AI] Snapshot buffer allocated: 230400 bytes (PSRAM used)\n[AI] Resizing from 320x240 to 96x96\n[AI] Running classifier...
15:15:29.138 > [AI] No bounding boxes detected
15:15:29.144 > >>> RESULT: No detection
